[INFO ] 2023-09-11 15:27:22.637 [main] Main - Lancement du programme
[INFO ] 2023-09-11 15:28:47.847 [main] Main - Lancement du programme
[INFO ] 2023-09-11 15:30:29.648 [main] Main - Lancement du programme
[INFO ] 2023-09-11 15:31:08.753 [main] Main - Lancement du programme
[INFO ] 2023-09-11 15:31:21.791 [main] Main - Lancement du programme
[INFO ] 2023-09-11 15:31:43.582 [main] Main - Lancement du programme
[INFO ] 2023-09-11 15:31:57.455 [main] Main - Lancement du programme
[INFO ] 2023-09-11 15:32:17.392 [main] Main - Lancement du programme
[INFO ] 2023-09-11 15:58:14.977 [main] Main - Lancement du programme
[INFO ] 2023-09-11 15:59:02.343 [main] Main - Lancement du programme
[INFO ] 2023-09-11 15:59:06.485 [main] Main - Lancement du programme
[INFO ] 2023-09-11 16:00:12.192 [main] Main - Lancement du programme
[INFO ] 2023-09-11 16:00:54.498 [main] Main - Lancement du programme
[INFO ] 2023-09-11 16:01:58.233 [main] Main - Lancement du programme
[INFO ] 2023-09-11 16:03:37.052 [main] Main - Lancement du programme
[INFO ] 2023-09-11 16:14:14.818 [main] Main - Lancement du programme
[INFO ] 2023-09-11 16:14:22.556 [main] Main - Lancement du programme
[INFO ] 2023-09-11 16:16:02.059 [main] Main - Lancement du programme
[INFO ] 2023-09-11 16:18:18.084 [main] Main - Lancement du programme
[INFO ] 2023-09-11 16:24:56.962 [main] Main - Lancement du programme
[INFO ] 2023-09-11 16:25:05.601 [main] Main - Lancement du programme
[INFO ] 2023-09-11 20:44:24.675 [main] Main - Lancement du programme
[INFO ] 2023-09-11 20:46:23.871 [main] Main - Lancement du programme
[INFO ] 2023-09-11 20:46:54.205 [main] Main - Lancement du programme
[INFO ] 2023-09-11 20:48:46.076 [main] Main - Lancement du programme
[INFO ] 2023-09-11 20:58:05.033 [main] Main - Lancement du programme
[INFO ] 2023-09-11 20:58:41.182 [main] Main - Lancement du programme
[INFO ] 2023-09-11 21:00:22.421 [main] Main - Lancement du programme
[INFO ] 2023-09-11 21:01:31.545 [main] Main - Lancement du programme
[INFO ] 2023-09-11 21:18:18.468 [main] Main - Lancement du programme
[INFO ] 2023-09-11 21:19:31.021 [main] Main - Lancement du programme
[INFO ] 2023-09-11 21:22:59.664 [main] Main - Lancement du programme
[INFO ] 2023-09-11 21:23:36.814 [main] Main - Lancement du programme
[INFO ] 2023-09-11 21:26:05.274 [main] Main - Lancement du programme
[INFO ] 2023-09-11 21:31:18.151 [main] Main - Lancement du programme
[INFO ] 2023-09-11 21:31:20.158 [main] Main - Valeur supérieure au nombre d'index entrée par l'utilisateur
[INFO ] 2023-09-11 21:31:32.439 [main] Main - Valeur négative entrée par l'utilisateur
[INFO ] 2023-09-11 21:31:41.930 [main] Main - Valeur n'étant pas un integer entrée par l'utilisateur
[INFO ] 2023-09-11 21:33:52.961 [main] Main - Lancement du programme
[INFO ] 2023-09-11 21:33:55.034 [main] Main - Choix validé
[INFO ] 2023-09-11 21:35:18.129 [main] Main - Lancement du programme
[INFO ] 2023-09-11 21:35:20.810 [main] Main - Choix validé
[INFO ] 2023-09-11 21:35:53.159 [main] Main - Lancement du programme
[INFO ] 2023-09-11 21:35:55.884 [main] Main - Valeur n'étant pas un integer entrée par l'utilisateur
[INFO ] 2023-09-11 21:36:57.949 [main] Main - Lancement du programme
[INFO ] 2023-09-11 21:37:00.342 [main] Main - Choix 5 validé
[INFO ] 2023-09-11 21:44:50.030 [main] Main - Lancement du programme
[INFO ] 2023-09-11 21:44:54.421 [main] Main - Choix 5 validé
[INFO ] 2023-09-11 21:46:21.615 [main] Main - Lancement du programme
[INFO ] 2023-09-11 21:46:23.547 [main] Main - Choix 2 validé
[INFO ] 2023-09-11 21:47:01.131 [main] Main - Lancement du programme
[INFO ] 2023-09-11 21:47:03.127 [main] Main - Choix 2 validé
[INFO ] 2023-09-11 21:48:15.628 [main] Main - Lancement du programme
[INFO ] 2023-09-11 21:49:07.321 [main] Main - Lancement du programme
[INFO ] 2023-09-11 21:49:11.228 [main] Main - Choix 3 validé
[INFO ] 2023-09-11 22:10:30.182 [main] Main - Lancement du programme
[INFO ] 2023-09-11 22:11:22.279 [main] Main - Lancement du programme
[INFO ] 2023-09-11 22:16:14.896 [main] Main - Lancement du programme
[INFO ] 2023-09-11 22:16:31.863 [main] Main - Valeur négative entrée par l'utilisateur
[INFO ] 2023-09-11 22:16:35.528 [main] Main - Choix 5 validé
[INFO ] 2023-09-11 22:17:12.695 [main] Main - Lancement du programme
[INFO ] 2023-09-11 22:17:15.370 [main] Main - Choix 5 validé
[INFO ] 2023-09-11 22:32:42.889 [main] Main - Lancement du programme
[INFO ] 2023-09-11 22:32:46.196 [main] Main - Choix 2 validé
[INFO ] 2023-09-11 22:32:47.446 [main] Main - Choix 4 validé
[INFO ] 2023-09-11 22:32:48.313 [main] Main - Choix 5 validé
[INFO ] 2023-09-12 08:32:28.473 [main] Main - Lancement du programme
[INFO ] 2023-09-12 08:32:39.745 [main] Main - Choix 5 validé
[INFO ] 2023-09-12 08:32:47.029 [main] Main - Choix 5 validé
[INFO ] 2023-09-12 08:32:48.285 [main] Main - Choix 5 validé
[INFO ] 2023-09-12 08:33:00.348 [main] Main - Lancement du programme
[INFO ] 2023-09-12 08:33:05.828 [main] Main - Choix 1 validé
[INFO ] 2023-09-12 08:33:06.625 [main] Main - Choix 2 validé
[INFO ] 2023-09-12 08:33:07.172 [main] Main - Choix 3 validé
[INFO ] 2023-09-12 08:33:26.939 [main] Main - Lancement du programme
[INFO ] 2023-09-12 08:33:28.621 [main] Main - Valeur n'étant pas un integer entrée par l'utilisateur
[INFO ] 2023-09-12 08:47:33.684 [main] Main - Lancement du programme
[INFO ] 2023-09-12 08:47:35.590 [main] Main - Choix 5 validé
[INFO ] 2023-09-12 08:47:37.170 [main] Main - Choix 1 validé
[INFO ] 2023-09-12 08:47:37.887 [main] Main - Choix 2 validé
